#
# There is insufficient memory for the Java Runtime Environment to continue.
# Native memory allocation (mmap) failed to map 257949696 bytes for G1 virtual space
# Possible reasons:
#   The system is out of physical RAM or swap space
#   The process is running with CompressedOops enabled, and the Java Heap may be blocking the growth of the native heap
# Possible solutions:
#   Reduce memory load on the system
#   Increase physical memory or swap space
#   Check if swap backing store is full
#   Decrease Java heap size (-Xmx/-Xms)
#   Decrease number of Java threads
#   Decrease Java thread stack sizes (-Xss)
#   Set larger code cache with -XX:ReservedCodeCacheSize=
#   JVM is running with Zero Based Compressed Oops mode in which the Java heap is
#     placed in the first 32GB address space. The Java Heap base address is the
#     maximum limit for the native heap growth. Please use -XX:HeapBaseMinAddress
#     to set the Java Heap base and to place the Java Heap above 32GB virtual address.
# This output file may be truncated or incomplete.
#
#  Out of Memory Error (os_windows.cpp:3469), pid=30380, tid=11424
#
# JRE version:  (17.0.1+12) (build )
# Java VM: Java HotSpot(TM) 64-Bit Server VM (17.0.1+12-LTS-39, mixed mode, sharing, tiered, compressed oops, compressed class ptrs, g1 gc, windows-amd64)
# No core dump will be written. Minidumps are not enabled by default on client versions of Windows
#

---------------  S U M M A R Y ------------

Command Line: -Dfile.encoding=Cp1252 -XX:+ShowCodeDetailsInExceptionMessages Pinchange

Host: AMD Ryzen 5 5500U with Radeon Graphics         , 12 cores, 15G,  Windows 10 , 64 bit Build 22000 (10.0.22000.708)
Time: Mon Jun 20 17:22:14 2022 India Standard Time elapsed time: 0.023946 seconds (0d 0h 0m 0s)

---------------  T H R E A D  ---------------

Current thread (0x000002ab6d26cf20):  JavaThread "Unknown thread" [_thread_in_vm, id=11424, stack(0x000000dbc6100000,0x000000dbc6200000)]

Stack: [0x000000dbc6100000,0x000000dbc6200000]
Native frames: (J=compiled Java code, j=interpreted, Vv=VM code, C=native code)
V  [jvm.dll+0x66fa1a]
V  [jvm.dll+0x7ce5a4]
V  [jvm.dll+0x7cfd4e]
V  [jvm.dll+0x7d03b3]
V  [jvm.dll+0x242b05]
V  [jvm.dll+0x66ca39]
V  [jvm.dll+0x661502]
V  [jvm.dll+0x30081b]
V  [jvm.dll+0x307da6]
V  [jvm.dll+0x357a1e]
V  [jvm.dll+0x357c4f]
V  [jvm.dll+0x2d7ad8]
V  [jvm.dll+0x2d8a44]
V  [jvm.dll+0x7a01e1]
V  [jvm.dll+0x365791]
V  [jvm.dll+0x77f6cc]
V  [jvm.dll+0x3e812f]
V  [jvm.dll+0x3e9bd1]
C  [jli.dll+0x527b]
C  [ucrtbase.dll+0x26c0c]
C  [KERNEL32.DLL+0x154e0]
C  [ntdll.dll+0x485b]


---------------  P R O C E S S  ---------------

Threads class SMR info:
_java_thread_list=0x00007ffb59d17818, length=0, elements={
}

Java Threads: ( => current thread )

Other Threads:
  0x000002ab6d2bb5d0 GCTaskThread "GC Thread#0" [stack: 0x000000dbc6200000,0x000000dbc6300000] [id=29532]
  0x000002ab6d2cb9a0 ConcurrentGCThread "G1 Main Marker" [stack: 0x000000dbc6300000,0x000000dbc6400000] [id=15120]
  0x000002ab6d2cca50 ConcurrentGCThread "G1 Conc#0" [stack: 0x000000dbc6400000,0x000000dbc6500000] [id=18012]

[error occurred during error reporting (printing all threads), id 0xc0000005, EXCEPTION_ACCESS_VIOLATION (0xc0000005) at pc=0x00007ffb595684b7]

VM state: not at safepoint (not fully initialized)

VM Mutex/Monitor currently owned by a thread:  ([mutex/lock_event])
[0x000002ab6d269850] Heap_lock - owner thread: 0x000002ab6d26cf20

Heap address: 0x000000070a600000, size: 3930 MB, Compressed Oops mode: Zero based, Oop shift amount: 3

CDS archive(s) mapped at: [0x0000000000000000-0x0000000000000000-0x0000000000000000), size 0, SharedBaseAddress: 0x0000000800000000, ArchiveRelocationMode: 0.
Narrow klass base: 0x0000000000000000, Narrow klass shift: 0, Narrow klass range: 0x0

GC Precious Log:
<Empty>

Heap:
 garbage-first heap   total 0K, used 0K [0x000000070a600000, 0x0000000800000000)
  region size 2048K, 0 young (0K), 0 survivors (0K)

[error occurred during error reporting (printing heap information), id 0xc0000005, EXCEPTION_ACCESS_VIOLATION (0xc0000005) at pc=0x00007ffb59948d89]

GC Heap History (0 events):
No events

Deoptimization events (0 events):
No events

Classes unloaded (0 events):
No events

Classes redefined (0 events):
No events

Internal exceptions (0 events):
No events

VM Operations (0 events):
No events

Events (1 events):
Event: 0.008 Loaded shared library C:\Program Files\Java\jdk-17.0.1\bin\java.dll


Dynamic libraries:
0x00007ff63a8e0000 - 0x00007ff63a8f0000 	C:\Program Files\Java\jdk-17.0.1\bin\javaw.exe
0x00007ffbc0b80000 - 0x00007ffbc0d89000 	C:\windows\SYSTEM32\ntdll.dll
0x00007ffbbee60000 - 0x00007ffbbef1d000 	C:\windows\System32\KERNEL32.DLL
0x00007ffbbe3d0000 - 0x00007ffbbe749000 	C:\windows\System32\KERNELBASE.dll
0x00007ffbbe170000 - 0x00007ffbbe281000 	C:\windows\System32\ucrtbase.dll
0x00007ffb9ec70000 - 0x00007ffb9ec8a000 	C:\Program Files\Java\jdk-17.0.1\bin\VCRUNTIME140.dll
0x00007ffba1290000 - 0x00007ffba12a8000 	C:\Program Files\Java\jdk-17.0.1\bin\jli.dll
0x00007ffbbf9d0000 - 0x00007ffbbfa7e000 	C:\windows\System32\ADVAPI32.dll
0x00007ffbbf040000 - 0x00007ffbbf0e3000 	C:\windows\System32\msvcrt.dll
0x00007ffbc0580000 - 0x00007ffbc061e000 	C:\windows\System32\sechost.dll
0x00007ffbbec90000 - 0x00007ffbbedb0000 	C:\windows\System32\RPCRT4.dll
0x00007ffbc07e0000 - 0x00007ffbc098c000 	C:\windows\System32\USER32.dll
0x00007ffba4140000 - 0x00007ffba43e5000 	C:\windows\WinSxS\amd64_microsoft.windows.common-controls_6595b64144ccf1df_6.0.22000.120_none_9d947278b86cc467\COMCTL32.dll
0x00007ffbbe870000 - 0x00007ffbbe896000 	C:\windows\System32\win32u.dll
0x00007ffbbee30000 - 0x00007ffbbee59000 	C:\windows\System32\GDI32.dll
0x00007ffbbe750000 - 0x00007ffbbe862000 	C:\windows\System32\gdi32full.dll
0x00007ffbbe060000 - 0x00007ffbbe0fd000 	C:\windows\System32\msvcp_win.dll
0x00007ffbb61f0000 - 0x00007ffbb61fa000 	C:\windows\SYSTEM32\VERSION.dll
0x00007ffbc0b00000 - 0x00007ffbc0b31000 	C:\windows\System32\IMM32.DLL
0x00007ffbb8f80000 - 0x00007ffbb8f8c000 	C:\Program Files\Java\jdk-17.0.1\bin\vcruntime140_1.dll
0x00007ffb81280000 - 0x00007ffb8130d000 	C:\Program Files\Java\jdk-17.0.1\bin\msvcp140.dll
0x00007ffb59280000 - 0x00007ffb59e3e000 	C:\Program Files\Java\jdk-17.0.1\bin\server\jvm.dll
0x00007ffbbedb0000 - 0x00007ffbbedb8000 	C:\windows\System32\PSAPI.DLL
0x00007ffba8a80000 - 0x00007ffba8a89000 	C:\windows\SYSTEM32\WSOCK32.dll
0x00007ffbb7bd0000 - 0x00007ffbb7c03000 	C:\windows\SYSTEM32\WINMM.dll
0x00007ffbbf4e0000 - 0x00007ffbbf54f000 	C:\windows\System32\WS2_32.dll
0x00007ffbbd1d0000 - 0x00007ffbbd1e8000 	C:\windows\SYSTEM32\kernel.appcore.dll
0x00007ffba1f70000 - 0x00007ffba1f7a000 	C:\Program Files\Java\jdk-17.0.1\bin\jimage.dll
0x00007ffbbbdc0000 - 0x00007ffbbbfe1000 	C:\windows\SYSTEM32\DBGHELP.DLL
0x00007ffba5b20000 - 0x00007ffba5b51000 	C:\windows\SYSTEM32\dbgcore.DLL
0x00007ffbbe350000 - 0x00007ffbbe3cf000 	C:\windows\System32\bcryptPrimitives.dll
0x00007ffb9eab0000 - 0x00007ffb9ead5000 	C:\Program Files\Java\jdk-17.0.1\bin\java.dll

dbghelp: loaded successfully - version: 4.0.5 - missing functions: none
symbol engine: initialized successfully - sym options: 0x614 - pdb path: .;C:\Program Files\Java\jdk-17.0.1\bin;C:\windows\SYSTEM32;C:\windows\WinSxS\amd64_microsoft.windows.common-controls_6595b64144ccf1df_6.0.22000.120_none_9d947278b86cc467;C:\Program Files\Java\jdk-17.0.1\bin\server

VM Arguments:
jvm_args: -Dfile.encoding=Cp1252 -XX:+ShowCodeDetailsInExceptionMessages 
java_command: Pinchange
java_class_path (initial): C:\Users\HP\ATM Simulator System\Online Banking System\bin;C:\Users\HP\ATM Simulator System\Online Banking System\src\jcalendar-1.4.jar;C:\Users\HP\ATM Simulator System\Online Banking System\mysql-connector-java-8.0.13.jar
Launcher Type: SUN_STANDARD

[Global flags]
     intx CICompilerCount                          = 4                                         {product} {ergonomic}
     uint ConcGCThreads                            = 3                                         {product} {ergonomic}
     uint G1ConcRefinementThreads                  = 10                                        {product} {ergonomic}
   size_t G1HeapRegionSize                         = 2097152                                   {product} {ergonomic}
    uintx GCDrainStackTargetSize                   = 64                                        {product} {ergonomic}
   size_t InitialHeapSize                          = 257949696                                 {product} {ergonomic}
   size_t MarkStackSize                            = 4194304                                   {product} {ergonomic}
   size_t MaxHeapSize                              = 4120903680                                {product} {ergonomic}
   size_t MinHeapDeltaBytes                        = 2097152                                   {product} {ergonomic}
   size_t MinHeapSize                              = 8388608                                   {product} {ergonomic}
    uintx NonNMethodCodeHeapSize                   = 5839372                                {pd product} {ergonomic}
    uintx NonProfiledCodeHeapSize                  = 122909434                              {pd product} {ergonomic}
    uintx ProfiledCodeHeapSize                     = 122909434                              {pd product} {ergonomic}
    uintx ReservedCodeCacheSize                    = 251658240                              {pd product} {ergonomic}
     bool SegmentedCodeCache                       = true                                      {product} {ergonomic}
     bool ShowCodeDetailsInExceptionMessages       = true                                   {manageable} {command line}
   size_t SoftMaxHeapSize                          = 4120903680                             {manageable} {ergonomic}
     bool UseCompressedClassPointers               = true                           {product lp64_product} {ergonomic}
     bool UseCompressedOops                        = true                           {product lp64_product} {ergonomic}
     bool UseG1GC                                  = true                                      {product} {ergonomic}
     bool UseLargePagesIndividualAllocation        = false                                  {pd product} {ergonomic}

Logging:
Log output configuration:
 #0: stdout all=warning uptime,level,tags
 #1: stderr all=off uptime,level,tags

Environment Variables:
PATH=C:\Program Files\Common Files\Oracle\Java\javapath;C:\Program Files (x86)\Common Files\Oracle\Java\javapath;C:\windows\system32;C:\windows;C:\windows\System32\Wbem;C:\windows\System32\WindowsPowerShell\v1.0\;C:\windows\System32\OpenSSH\;C:\MinGW\bin;C:\Program Files\Java\jdk-17.0.1\bin;C:\Program Files\MySQL\MySQL Shell 8.0\bin\;C:\Users\HP\AppData\Local\Programs\Python\Python310\Scripts\;C:\Users\HP\AppData\Local\Programs\Python\Python310\;C:\Users\HP\AppData\Local\Microsoft\WindowsApps;;C:\Users\HP\AppData\Local\Programs\Microsoft VS Code\bin
USERNAME=HP
OS=Windows_NT
PROCESSOR_IDENTIFIER=AMD64 Family 23 Model 104 Stepping 1, AuthenticAMD



---------------  S Y S T E M  ---------------

OS:
 Windows 10 , 64 bit Build 22000 (10.0.22000.708)
OS uptime: 1 days 23:17 hours

CPU: total 12 (initial active 12) (12 cores per cpu, 2 threads per core) family 23 model 104 stepping 1 microcode 0x0, cx8, cmov, fxsr, ht, mmx, 3dnowpref, sse, sse2, sse3, ssse3, sse4a, sse4.1, sse4.2, popcnt, lzcnt, tsc, tscinvbit, avx, avx2, aes, clmul, bmi1, bmi2, adx, sha, fma, vzeroupper, clflush, clflushopt

Memory: 4k page, system-wide physical 15713M (3475M free)
TotalPageFile size 46566M (AvailPageFile size 30M)
current process WorkingSet (physical memory assigned to process): 10M, peak: 10M
current process commit charge ("private bytes"): 64M, peak: 310M

vm_info: Java HotSpot(TM) 64-Bit Server VM (17.0.1+12-LTS-39) for windows-amd64 JRE (17.0.1+12-LTS-39), built on Sep 27 2021 18:41:35 by "mach5one" with MS VC++ 16.8 (VS2019)

END.
